Feb 12, 2019 12:19:21 PM oceanaccounting.Main dbOpenCon
FINER: ENTRY
Feb 12, 2019 12:19:21 PM oceanaccounting.Main dbOpenCon
FINER: RETURN return true
Feb 12, 2019 12:19:21 PM oceanaccounting.Main changePanel
FINER: ENTRY
Feb 12, 2019 12:19:21 PM oceanaccounting.Main changePanel
FINER: RETURN
Feb 12, 2019 12:19:35 PM oceanaccounting.Main changePanel
FINER: ENTRY
Feb 12, 2019 12:19:35 PM oceanaccounting.Main changePanel
FINER: RETURN
Feb 12, 2019 12:19:38 PM oceanaccounting.Main createDb
FINER: ENTRY
Feb 12, 2019 12:19:38 PM oceanaccounting.Main createDb
FINER: RETURN
Feb 12, 2019 12:19:38 PM oceanaccounting.Main useDb
FINER: ENTRY
Feb 12, 2019 12:19:38 PM oceanaccounting.Main useDb
FINER: RETURN
Feb 12, 2019 12:19:42 PM oceanaccounting.Main createDb
FINER: ENTRY
Feb 12, 2019 12:19:42 PM oceanaccounting.Main createDb
FINER: RETURN
Feb 12, 2019 12:19:42 PM oceanaccounting.Main useDb
FINER: ENTRY
Feb 12, 2019 12:19:42 PM oceanaccounting.Main useDb
FINER: RETURN
Feb 12, 2019 12:19:46 PM oceanaccounting.Main createDb
FINER: ENTRY
Feb 12, 2019 12:19:46 PM oceanaccounting.Main createDb
FINER: RETURN
Feb 12, 2019 12:19:46 PM oceanaccounting.Main useDb
FINER: ENTRY
Feb 12, 2019 12:19:46 PM oceanaccounting.Main useDb
FINER: RETURN
Feb 12, 2019 12:19:50 PM oceanaccounting.Main createDb
FINER: ENTRY
Feb 12, 2019 12:19:50 PM oceanaccounting.Main createDb
FINER: RETURN
Feb 12, 2019 12:19:50 PM oceanaccounting.Main useDb
FINER: ENTRY
Feb 12, 2019 12:19:50 PM oceanaccounting.Main useDb
FINER: RETURN
Feb 12, 2019 12:19:54 PM oceanaccounting.Main createDb
FINER: ENTRY
Feb 12, 2019 12:19:54 PM oceanaccounting.Main createDb
FINER: RETURN
Feb 12, 2019 12:19:54 PM oceanaccounting.Main useDb
FINER: ENTRY
Feb 12, 2019 12:19:54 PM oceanaccounting.Main useDb
FINER: RETURN
Feb 12, 2019 12:19:57 PM oceanaccounting.Main createDb
FINER: ENTRY
Feb 12, 2019 12:19:57 PM oceanaccounting.Main createDb
FINER: RETURN
Feb 12, 2019 12:19:57 PM oceanaccounting.Main useDb
FINER: ENTRY
Feb 12, 2019 12:19:57 PM oceanaccounting.Main useDb
FINER: RETURN
Feb 12, 2019 12:19:59 PM oceanaccounting.Main createDb
FINER: ENTRY
Feb 12, 2019 12:19:59 PM oceanaccounting.Main createDb
FINER: RETURN
Feb 12, 2019 12:19:59 PM oceanaccounting.Main useDb
FINER: ENTRY
Feb 12, 2019 12:19:59 PM oceanaccounting.Main useDb
FINER: RETURN
Feb 12, 2019 12:20:02 PM oceanaccounting.Main createDb
FINER: ENTRY
Feb 12, 2019 12:20:02 PM oceanaccounting.Main createDb
FINER: RETURN
Feb 12, 2019 12:20:02 PM oceanaccounting.Main useDb
FINER: ENTRY
Feb 12, 2019 12:20:02 PM oceanaccounting.Main useDb
FINER: RETURN
Feb 12, 2019 12:20:05 PM oceanaccounting.Main createDb
FINER: ENTRY
Feb 12, 2019 12:20:05 PM oceanaccounting.Main createDb
FINER: RETURN
Feb 12, 2019 12:20:05 PM oceanaccounting.Main useDb
FINER: ENTRY
Feb 12, 2019 12:20:05 PM oceanaccounting.Main useDb
FINER: RETURN
Feb 12, 2019 12:20:08 PM oceanaccounting.Main createDb
FINER: ENTRY
Feb 12, 2019 12:20:08 PM oceanaccounting.Main createDb
FINER: RETURN
Feb 12, 2019 12:20:08 PM oceanaccounting.Main useDb
FINER: ENTRY
Feb 12, 2019 12:20:08 PM oceanaccounting.Main useDb
FINER: RETURN
Feb 12, 2019 12:20:11 PM oceanaccounting.Main createDb
FINER: ENTRY
Feb 12, 2019 12:20:11 PM oceanaccounting.Main createDb
FINER: RETURN
Feb 12, 2019 12:20:11 PM oceanaccounting.Main useDb
FINER: ENTRY
Feb 12, 2019 12:20:11 PM oceanaccounting.Main useDb
FINER: RETURN
Feb 12, 2019 12:20:14 PM oceanaccounting.Main createDb
FINER: ENTRY
Feb 12, 2019 12:20:14 PM oceanaccounting.Main createDb
FINER: RETURN
Feb 12, 2019 12:20:14 PM oceanaccounting.Main useDb
FINER: ENTRY
Feb 12, 2019 12:20:14 PM oceanaccounting.Main useDb
FINER: RETURN
Feb 12, 2019 12:20:16 PM oceanaccounting.Main changePanel
FINER: ENTRY
Feb 12, 2019 12:20:16 PM oceanaccounting.Main changePanel
FINER: RETURN
