Feb 12, 2019 12:10:48 PM oceanaccounting.Main dbOpenCon
FINER: ENTRY
Feb 12, 2019 12:10:49 PM oceanaccounting.Main dbOpenCon
FINER: RETURN return true
Feb 12, 2019 12:10:49 PM oceanaccounting.Main changePanel
FINER: ENTRY
Feb 12, 2019 12:10:49 PM oceanaccounting.Main changePanel
FINER: RETURN
Feb 12, 2019 12:10:50 PM oceanaccounting.Main changePanel
FINER: ENTRY
Feb 12, 2019 12:10:50 PM oceanaccounting.Main changePanel
FINER: RETURN
Feb 12, 2019 12:10:56 PM oceanaccounting.Main createDb
FINER: ENTRY
Feb 12, 2019 12:10:56 PM oceanaccounting.Main createDb
FINER: RETURN
Feb 12, 2019 12:10:56 PM oceanaccounting.Main useDb
FINER: ENTRY
Feb 12, 2019 12:10:56 PM oceanaccounting.Main useDb
FINER: RETURN
Feb 12, 2019 12:10:59 PM oceanaccounting.Main createDb
FINER: ENTRY
Feb 12, 2019 12:10:59 PM oceanaccounting.Main createDb
FINER: RETURN
Feb 12, 2019 12:10:59 PM oceanaccounting.Main useDb
FINER: ENTRY
Feb 12, 2019 12:10:59 PM oceanaccounting.Main useDb
FINER: RETURN
Feb 12, 2019 12:11:05 PM oceanaccounting.Main createDb
FINER: ENTRY
Feb 12, 2019 12:11:05 PM oceanaccounting.Main createDb
FINER: RETURN
Feb 12, 2019 12:11:05 PM oceanaccounting.Main useDb
FINER: ENTRY
Feb 12, 2019 12:11:05 PM oceanaccounting.Main useDb
FINER: RETURN
Feb 12, 2019 12:11:15 PM oceanaccounting.Main changePanel
FINER: ENTRY
Feb 12, 2019 12:11:15 PM oceanaccounting.Main changePanel
FINER: RETURN
